<?xml version="1.0" encoding="UTF-8"?>
<!-- Generated by org.testng.reporters.JUnitReportReporter -->
<testsuite hostname="NODE15" name="com.framework.project.classes.GmailLogin" tests="1" failures="0" timestamp="24 Nov 2014 06:55:11 GMT" time="20.092" errors="0">
  <testcase name="gmailTest" time="20.092" classname="com.framework.project.classes.GmailLogin"/>
</testsuite> <!-- com.framework.project.classes.GmailLogin -->
