<?xml version="1.0" encoding="UTF-8"?>
<!-- Generated by org.testng.reporters.JUnitReportReporter -->
<testsuite hostname="NODE15" name="com.framework.project.classes.GmailLoginTest" tests="1" failures="0" timestamp="25 Nov 2014 09:21:29 GMT" time="22.452" errors="0">
  <testcase name="gmailTest" time="22.452" classname="com.framework.project.classes.GmailLoginTest"/>
</testsuite> <!-- com.framework.project.classes.GmailLoginTest -->
